SF:lib/home/data/models/todo_model.dart
DA:13,4
DA:14,2
DA:15,2
DA:16,2
DA:17,2
DA:18,2
DA:19,2
DA:20,2
DA:22,5
DA:32,2
DA:33,2
DA:34,2
DA:35,2
DA:36,2
DA:37,2
DA:38,2
DA:39,2
DA:40,2
DA:45,2
DA:46,2
DA:47,2
DA:48,2
DA:49,2
DA:50,2
DA:51,2
DA:52,2
DA:53,4
DA:56,4
DA:57,28
LF:29
LH:29
end_of_record
SF:lib/home/domain/entities/todo_entity.dart
DA:15,2
DA:16,1
DA:17,1
DA:18,1
DA:19,1
DA:20,1
DA:22,1
DA:23,2
DA:24,1
DA:25,1
DA:26,1
DA:27,1
DA:28,1
DA:30,1
DA:32,4
DA:33,2
DA:34,2
DA:35,2
DA:36,2
DA:37,2
DA:38,2
DA:39,2
DA:41,11
DA:51,1
DA:52,1
DA:53,1
DA:54,1
DA:55,1
DA:56,1
DA:57,1
DA:58,1
DA:59,1
DA:64,1
DA:65,1
DA:66,1
DA:67,1
DA:68,1
DA:69,1
DA:70,1
DA:71,1
DA:72,2
DA:75,6
DA:76,48
LF:43
LH:43
end_of_record
SF:lib/home/data/datasource/home_local_datasource.dart
DA:14,1
DA:15,1
DA:18,2
DA:21,1
DA:25,1
DA:28,2
DA:31,1
DA:35,1
DA:38,2
DA:41,1
DA:45,1
DA:48,2
DA:51,1
DA:55,1
DA:58,2
DA:61,1
LF:16
LH:16
end_of_record
SF:lib/utility/database.dart
DA:8,3
DA:11,1
DA:13,1
DA:15,1
DA:19,1
DA:20,1
DA:21,1
DA:23,2
DA:26,0
DA:30,0
DA:44,1
DA:45,2
DA:46,2
DA:50,1
DA:51,2
DA:55,1
DA:58,1
DA:64,1
DA:70,3
DA:71,2
DA:75,1
DA:76,2
DA:77,1
DA:79,1
DA:81,1
DA:84,1
DA:85,2
DA:91,1
DA:92,2
DA:93,1
DA:96,1
DA:97,1
DA:99,1
DA:101,1
DA:102,1
DA:108,5
DA:111,1
DA:112,2
DA:113,1
DA:115,1
DA:117,2
DA:121,1
DA:122,2
DA:123,1
DA:126,1
DA:130,0
DA:131,0
DA:132,0
LF:48
LH:43
end_of_record
SF:lib/home/data/repository/home_repository.dart
DA:15,1
DA:17,1
DA:20,2
DA:21,1
DA:22,1
DA:23,3
DA:30,1
DA:33,2
DA:34,5
DA:35,1
DA:36,3
DA:43,1
DA:46,3
DA:47,2
DA:48,1
DA:49,3
DA:56,1
DA:59,3
DA:60,1
DA:61,1
DA:62,3
DA:69,1
DA:72,2
DA:73,5
DA:74,1
DA:75,3
LF:26
LH:26
end_of_record
SF:lib/home/domain/usecase/save_todo.dart
DA:7,1
DA:8,1
DA:9,2
LF:3
LH:3
end_of_record
SF:lib/home/domain/usecase/fetch_all_todos.dart
DA:7,1
DA:8,1
DA:9,2
LF:3
LH:3
end_of_record
SF:lib/home/domain/usecase/delete_todo.dart
DA:7,1
DA:8,1
DA:9,2
LF:3
LH:3
end_of_record
SF:lib/home/presentation/bloc/delete_todo_bloc/delete_todo_state.dart
DA:5,1
DA:6,1
DA:15,1
DA:16,1
DA:17,2
DA:22,1
DA:23,1
DA:24,2
LF:8
LH:8
end_of_record
SF:lib/home/presentation/bloc/delete_todo_bloc/delete_todo_bloc.dart
DA:11,3
DA:12,2
DA:13,2
DA:14,3
DA:15,2
DA:16,3
DA:17,1
DA:18,2
LF:8
LH:8
end_of_record
SF:lib/home/presentation/bloc/delete_todo_bloc/delete_todo_event.dart
DA:8,1
LF:1
LH:1
end_of_record
SF:lib/home/presentation/bloc/fetch_all_todos_bloc/fetch_all_todos_event.dart
DA:9,1
LF:1
LH:1
end_of_record
SF:lib/home/presentation/bloc/fetch_all_todos_bloc/fetch_all_todos_state.dart
DA:5,1
DA:6,1
DA:16,1
DA:17,1
DA:18,3
DA:23,1
DA:24,1
DA:25,2
LF:8
LH:8
end_of_record
SF:lib/home/presentation/bloc/fetch_all_todos_bloc/fetch_all_todos_bloc.dart
DA:13,3
DA:15,2
DA:16,1
DA:17,2
DA:18,1
DA:19,6
DA:21,2
DA:22,2
DA:23,3
DA:24,1
DA:26,3
DA:27,6
DA:28,3
DA:29,6
DA:31,2
LF:15
LH:15
end_of_record
SF:lib/home/domain/usecase/update_todo.dart
DA:7,1
DA:8,1
DA:9,2
LF:3
LH:3
end_of_record
SF:lib/home/presentation/bloc/update_todo_bloc/update_todo_event.dart
DA:8,1
LF:1
LH:1
end_of_record
SF:lib/home/presentation/bloc/update_todo_bloc/update_todo_state.dart
DA:5,1
DA:6,1
DA:15,1
DA:16,1
DA:17,2
DA:22,1
DA:23,1
DA:24,2
LF:8
LH:8
end_of_record
SF:lib/home/presentation/bloc/update_todo_bloc/update_todo_bloc.dart
DA:12,3
DA:13,2
DA:14,2
DA:15,3
DA:16,2
DA:17,3
DA:18,1
DA:19,2
LF:8
LH:8
end_of_record
SF:lib/home/domain/usecase/search_todos.dart
DA:7,1
DA:8,1
DA:9,2
LF:3
LH:3
end_of_record
SF:lib/home/presentation/bloc/search_todos_bloc/search_todos_event.dart
DA:8,1
LF:1
LH:1
end_of_record
SF:lib/home/presentation/bloc/search_todos_bloc/search_todos_state.dart
DA:5,1
DA:6,1
DA:15,1
DA:16,1
DA:17,2
DA:22,1
DA:23,1
DA:24,2
LF:8
LH:8
end_of_record
SF:lib/home/presentation/bloc/search_todos_bloc/search_todos_bloc.dart
DA:13,3
DA:14,2
DA:15,2
DA:16,3
DA:17,2
DA:18,3
DA:19,1
DA:20,2
DA:22,2
LF:9
LH:9
end_of_record
SF:lib/home/presentation/bloc/save_todo_bloc/save_todo_bloc.dart
DA:15,3
DA:16,2
DA:17,2
DA:18,3
DA:19,2
DA:20,3
DA:21,1
DA:22,1
DA:23,0
DA:24,0
DA:25,0
DA:28,2
LF:12
LH:9
end_of_record
SF:lib/home/presentation/bloc/save_todo_bloc/save_todo_event.dart
DA:8,1
LF:1
LH:1
end_of_record
SF:lib/home/presentation/bloc/save_todo_bloc/save_todo_state.dart
DA:5,1
DA:6,1
DA:15,1
DA:16,1
DA:17,2
DA:22,1
DA:23,1
DA:24,2
LF:8
LH:8
end_of_record
SF:lib/utility/notification_handler.dart
DA:6,0
DA:12,0
DA:18,0
DA:19,0
DA:22,0
DA:24,0
DA:25,0
DA:39,0
DA:41,0
DA:42,0
DA:49,0
DA:50,0
DA:51,0
DA:52,0
DA:57,0
DA:59,0
DA:60,0
DA:64,0
DA:65,0
DA:69,0
DA:70,0
LF:21
LH:0
end_of_record
